2026-03-31 14:42:55,707 [INFO] instances.serial_device: SerialDevice initialization 1/2
2026-03-31 14:42:55,707 [INFO] instances.serial_device: SerialDevice initialization 2/2
2026-03-31 14:42:55,707 [INFO] instances.serial_device: TurnTable initialization 1/2
2026-03-31 14:42:55,707 [INFO] instances.serial_device: TurnTable initialization 2/2
2026-03-31 14:42:55,707 [INFO] instances.camera_crane: CameraCrane initialization 1/2
2026-03-31 14:42:55,707 [INFO] instances.camera_crane: CameraCrane initialization 2/2
2026-03-31 14:42:55,707 [INFO] instances.camera: Camera initialization 1/2
2026-03-31 14:42:55,707 [INFO] instances.camera: Camera initialization 2/2
2026-03-31 14:42:55,707 [INFO] instances.threaded_instance: STARTING: <SerialDevice(Thread-1, started daemon 20464)>
2026-03-31 14:42:55,707 [INFO] instances.threaded_instance: STARTING: <TurnTable(Thread-2, started daemon 10392)>
2026-03-31 14:42:55,707 [INFO] instances.threaded_instance: STARTING: <CameraCrane(Thread-3, started daemon 22148)>
2026-03-31 14:42:55,707 [INFO] instances.threaded_instance: STARTING: <Camera(Thread-4, started daemon 22156)>
2026-03-31 14:42:55,707 [INFO] instances.camera: Camera EDSDK initialized
2026-03-31 14:42:55,707 [INFO] instances.threaded_instance: STARTING: <ProjectScheduler(Thread-5, started daemon 8332)>
2026-03-31 14:42:55,795 [INFO] instances.serial_device: SerialDevice connecting... 1/2
2026-03-31 14:42:55,811 [INFO] instances.camera: Camera connecting... 1/5
2026-03-31 14:42:55,816 [INFO] instances.camera: Camera connecting... 2/5
2026-03-31 14:42:55,818 [ERROR] instances.serial_device: SerialDevice connection error: Port COM5 does not exist
2026-03-31 14:42:56,319 [INFO] instances.camera: Camera connecting... 1/5
2026-03-31 14:42:56,319 [INFO] instances.camera: Camera connecting... 2/5
2026-03-31 14:42:56,321 [INFO] instances.serial_device: SerialDevice connecting... 1/2
2026-03-31 14:42:56,325 [ERROR] instances.serial_device: SerialDevice connection error: Port COM5 does not exist
2026-03-31 14:42:56,824 [INFO] instances.camera: Camera connecting... 1/5
2026-03-31 14:42:56,825 [INFO] instances.camera: Camera connecting... 2/5
2026-03-31 14:42:56,829 [INFO] instances.serial_device: SerialDevice connecting... 1/2
2026-03-31 14:42:56,832 [ERROR] instances.serial_device: SerialDevice connection error: Port COM5 does not exist
2026-03-31 14:42:57,328 [INFO] instances.camera: Camera connecting... 1/5
2026-03-31 14:42:57,328 [INFO] instances.camera: Camera connecting... 2/5
2026-03-31 14:42:57,335 [INFO] instances.serial_device: SerialDevice connecting... 1/2
2026-03-31 14:42:57,339 [ERROR] instances.serial_device: SerialDevice connection error: Port COM5 does not exist
2026-03-31 14:42:57,831 [INFO] instances.camera: Camera connecting... 1/5
2026-03-31 14:42:57,831 [INFO] instances.camera: Camera connecting... 2/5
2026-03-31 14:42:57,845 [INFO] instances.serial_device: SerialDevice connecting... 1/2
2026-03-31 14:42:57,848 [ERROR] instances.serial_device: SerialDevice connection error: Port COM5 does not exist
2026-03-31 14:42:58,334 [INFO] instances.camera: Camera connecting... 1/5
2026-03-31 14:42:58,334 [INFO] instances.camera: Camera connecting... 2/5
2026-03-31 14:42:58,350 [INFO] instances.serial_device: SerialDevice connecting... 1/2
2026-03-31 14:42:58,353 [ERROR] instances.serial_device: SerialDevice connection error: Port COM5 does not exist
2026-03-31 14:42:58,840 [INFO] instances.camera: Camera connecting... 1/5
2026-03-31 14:42:58,840 [INFO] instances.camera: Camera connecting... 2/5
2026-03-31 14:42:58,855 [INFO] instances.serial_device: SerialDevice connecting... 1/2
2026-03-31 14:42:58,861 [ERROR] instances.serial_device: SerialDevice connection error: Port COM5 does not exist
2026-03-31 14:42:59,348 [INFO] instances.camera: Camera connecting... 1/5
2026-03-31 14:42:59,348 [INFO] instances.camera: Camera connecting... 2/5
2026-03-31 14:42:59,363 [INFO] instances.serial_device: SerialDevice connecting... 1/2
2026-03-31 14:42:59,366 [ERROR] instances.serial_device: SerialDevice connection error: Port COM5 does not exist
2026-03-31 14:42:59,857 [INFO] instances.camera: Camera connecting... 1/5
2026-03-31 14:42:59,857 [INFO] instances.camera: Camera connecting... 2/5
2026-03-31 14:42:59,869 [INFO] instances.serial_device: SerialDevice connecting... 1/2
2026-03-31 14:42:59,873 [ERROR] instances.serial_device: SerialDevice connection error: Port COM5 does not exist
2026-03-31 14:43:00,364 [INFO] instances.camera: Camera connecting... 1/5
2026-03-31 14:43:00,364 [INFO] instances.camera: Camera connecting... 2/5
2026-03-31 14:43:00,376 [INFO] instances.serial_device: SerialDevice connecting... 1/2
2026-03-31 14:43:00,379 [ERROR] instances.serial_device: SerialDevice connection error: Port COM5 does not exist
2026-03-31 14:43:00,871 [INFO] instances.camera: Camera connecting... 1/5
2026-03-31 14:43:00,871 [INFO] instances.camera: Camera connecting... 2/5
2026-03-31 14:43:00,882 [INFO] instances.serial_device: SerialDevice connecting... 1/2
2026-03-31 14:43:00,886 [ERROR] instances.serial_device: SerialDevice connection error: Port COM5 does not exist
2026-03-31 14:43:01,378 [INFO] instances.camera: Camera connecting... 1/5
2026-03-31 14:43:01,378 [INFO] instances.camera: Camera connecting... 2/5
2026-03-31 14:43:01,389 [INFO] instances.serial_device: SerialDevice connecting... 1/2
2026-03-31 14:43:01,392 [ERROR] instances.serial_device: SerialDevice connection error: Port COM5 does not exist
2026-03-31 14:43:01,887 [INFO] instances.camera: Camera connecting... 1/5
2026-03-31 14:43:01,887 [INFO] instances.camera: Camera connecting... 2/5
2026-03-31 14:43:01,896 [INFO] instances.serial_device: SerialDevice connecting... 1/2
2026-03-31 14:43:01,899 [ERROR] instances.serial_device: SerialDevice connection error: Port COM5 does not exist
2026-03-31 14:43:02,090 [INFO] __main__: Application exited with code 0
